<?xml version="1.0" encoding="UTF-8"?>
<!-- Generated by org.testng.reporters.JUnitXMLReporter -->
<testsuite ignored="0" hostname="AZVDCNKCR0269-0" failures="0" tests="3" name="test-1" time="43.112" errors="0" timestamp="2023-08-25T17:18:15 UTC">
  <testcase classname="com.orangeHRM.test.OrangeHRM_Login" name="urlTest" time="14.139"/>
  <testcase classname="com.orangeHRM.test.OrangeHRM_Login" name="logoTest" time="4.167"/>
  <testcase classname="com.orangeHRM.test.OrangeHRM_Login" name="textTest" time="14.041"/>
</testsuite> <!-- test-1 -->
